<?xml version="1.0" encoding="UTF-8"?>
<coverage generated="1663122629016" clover="3.2.0">
  <project timestamp="1663122629017" name="All files">
    <metrics statements="29" coveredstatements="24" conditionals="13" coveredconditionals="10" methods="2" coveredmethods="2" elements="44" coveredelements="36" complexity="0" loc="29" ncloc="29" packages="1" files="1" classes="1"/>
    <file name="cpfValidator.ts" path="F:\curso-branas\branas-turma-8\refactor\src\v2\cpfValidator.ts">
      <metrics statements="29" coveredstatements="24" conditionals="13" coveredconditionals="10" methods="2" coveredmethods="2"/>
      <line num="1" count="1" type="stmt"/>
      <line num="2" count="7" type="cond" truecount="1" falsecount="1"/>
      <line num="3" count="7" type="cond" truecount="1" falsecount="0"/>
      <line num="4" count="7" type="cond" truecount="3" falsecount="1"/>
      <line num="5" count="7" type="stmt"/>
      <line num="11" count="26" type="cond" truecount="1" falsecount="1"/>
      <line num="12" count="7" type="stmt"/>
      <line num="17" count="7" type="stmt"/>
      <line num="18" count="7" type="stmt"/>
      <line num="20" count="7" type="stmt"/>
      <line num="21" count="64" type="stmt"/>
      <line num="22" count="64" type="stmt"/>
      <line num="24" count="64" type="stmt"/>
      <line num="27" count="7" type="stmt"/>
      <line num="29" count="7" type="cond" truecount="2" falsecount="0"/>
      <line num="30" count="7" type="stmt"/>
      <line num="31" count="7" type="stmt"/>
      <line num="32" count="7" type="cond" truecount="2" falsecount="0"/>
      <line num="33" count="1" type="stmt"/>
      <line num="35" count="6" type="stmt"/>
      <line num="37" count="7" type="stmt"/>
      <line num="38" count="7" type="stmt"/>
      <line num="39" count="7" type="stmt"/>
      <line num="41" count="0" type="stmt"/>
      <line num="43" count="0" type="stmt"/>
      <line num="45" count="0" type="stmt"/>
      <line num="46" count="0" type="stmt"/>
      <line num="48" count="0" type="stmt"/>
      <line num="51" count="1" type="stmt"/>
    </file>
  </project>
</coverage>
