{"F:\\curso-branas\\branas-turma-8\\refactor\\src\\v2\\cpfValidator.ts": {"path":"F:\\curso-branas\\branas-turma-8\\refactor\\src\\v2\\cpfValidator.ts","statementMap":{"0":{"start":{"line":2,"column":1},"end":{"line":48,"column":21}},"1":{"start":{"line":3,"column":8},"end":{"line":47,"column":null}},"2":{"start":{"line":4,"column":12},"end":{"line":46,"column":31}},"3":{"start":{"line":5,"column":16},"end":{"line":9,"column":37}},"4":{"start":{"line":11,"column":16},"end":{"line":45,"column":null}},"5":{"start":{"line":11,"column":46},"end":{"line":11,"column":58}},"6":{"start":{"line":12,"column":20},"end":{"line":44,"column":null}},"7":{"start":{"line":17,"column":24},"end":{"line":17,"column":49}},"8":{"start":{"line":18,"column":24},"end":{"line":18,"column":45}},"9":{"start":{"line":20,"column":24},"end":{"line":25,"column":26}},"10":{"start":{"line":20,"column":42},"end":{"line":20,"column":43}},"11":{"start":{"line":21,"column":28},"end":{"line":21,"column":80}},"12":{"start":{"line":22,"column":28},"end":{"line":22,"column":75}},"13":{"start":{"line":24,"column":28},"end":{"line":24,"column":77}},"14":{"start":{"line":27,"column":24},"end":{"line":27,"column":47}},"15":{"start":{"line":29,"column":24},"end":{"line":29,"column":63}},"16":{"start":{"line":30,"column":24},"end":{"line":30,"column":45}},"17":{"start":{"line":31,"column":24},"end":{"line":31,"column":48}},"18":{"start":{"line":32,"column":24},"end":{"line":35,"column":44}},"19":{"start":{"line":33,"column":28},"end":{"line":33,"column":36}},"20":{"start":{"line":35,"column":28},"end":{"line":35,"column":44}},"21":{"start":{"line":37,"column":46},"end":{"line":37,"column":85}},"22":{"start":{"line":38,"column":24},"end":{"line":38,"column":57}},"23":{"start":{"line":39,"column":24},"end":{"line":39,"column":57}},"24":{"start":{"line":41,"column":24},"end":{"line":41,"column":50}},"25":{"start":{"line":43,"column":24},"end":{"line":43,"column":37}},"26":{"start":{"line":45,"column":23},"end":{"line":45,"column":null}},"27":{"start":{"line":46,"column":18},"end":{"line":46,"column":31}},"28":{"start":{"line":48,"column":8},"end":{"line":48,"column":21}},"29":{"start":{"line":1,"column":0},"end":{"line":1,"column":16}},"30":{"start":{"line":51,"column":0},"end":{"line":51,"column":null}}},"fnMap":{"0":{"name":"validateCpf","decl":{"start":{"line":1,"column":16},"end":{"line":1,"column":27}},"loc":{"start":{"line":1,"column":40},"end":{"line":49,"column":1}}},"1":{"name":"(anonymous_1)","decl":{"start":{"line":11,"column":41},"end":{"line":11,"column":42}},"loc":{"start":{"line":11,"column":46},"end":{"line":11,"column":58}}}},"branchMap":{"0":{"loc":{"start":{"line":2,"column":1},"end":{"line":48,"column":21}},"type":"if","locations":[{"start":{"line":2,"column":1},"end":{"line":48,"column":21}},{"start":{"line":48,"column":8},"end":{"line":48,"column":21}}]},"1":{"loc":{"start":{"line":3,"column":8},"end":{"line":47,"column":null}},"type":"if","locations":[{"start":{"line":3,"column":8},"end":{"line":47,"column":null}}]},"2":{"loc":{"start":{"line":4,"column":12},"end":{"line":46,"column":31}},"type":"if","locations":[{"start":{"line":4,"column":12},"end":{"line":46,"column":31}},{"start":{"line":46,"column":18},"end":{"line":46,"column":31}}]},"3":{"loc":{"start":{"line":4,"column":16},"end":{"line":4,"column":52}},"type":"binary-expr","locations":[{"start":{"line":4,"column":16},"end":{"line":4,"column":32}},{"start":{"line":4,"column":36},"end":{"line":4,"column":52}}]},"4":{"loc":{"start":{"line":11,"column":16},"end":{"line":45,"column":null}},"type":"if","locations":[{"start":{"line":11,"column":16},"end":{"line":45,"column":null}},{"start":{"line":45,"column":23},"end":{"line":45,"column":null}}]},"5":{"loc":{"start":{"line":29,"column":30},"end":{"line":29,"column":62}},"type":"cond-expr","locations":[{"start":{"line":29,"column":43},"end":{"line":29,"column":50}},{"start":{"line":29,"column":53},"end":{"line":29,"column":62}}]},"6":{"loc":{"start":{"line":32,"column":24},"end":{"line":35,"column":44}},"type":"if","locations":[{"start":{"line":32,"column":24},"end":{"line":35,"column":44}},{"start":{"line":35,"column":28},"end":{"line":35,"column":44}}]}},"s":{"0":7,"1":7,"2":7,"3":7,"4":7,"5":26,"6":7,"7":7,"8":7,"9":7,"10":7,"11":64,"12":64,"13":64,"14":7,"15":7,"16":7,"17":7,"18":7,"19":1,"20":6,"21":7,"22":7,"23":7,"24":0,"25":0,"26":0,"27":0,"28":0,"29":1,"30":1},"f":{"0":7,"1":26},"b":{"0":[7,0],"1":[7],"2":[7,0],"3":[7,1],"4":[7,0],"5":[1,6],"6":[1,6]}}
}
