TN:
SF:src\v2\cpfValidator.ts
FN:1,validateCpf
FN:11,(anonymous_1)
FNF:2
FNH:2
FNDA:7,validateCpf
FNDA:26,(anonymous_1)
DA:1,1
DA:2,7
DA:3,7
DA:4,7
DA:5,7
DA:11,26
DA:12,7
DA:17,7
DA:18,7
DA:20,7
DA:21,64
DA:22,64
DA:24,64
DA:27,7
DA:29,7
DA:30,7
DA:31,7
DA:32,7
DA:33,1
DA:35,6
DA:37,7
DA:38,7
DA:39,7
DA:41,0
DA:43,0
DA:45,0
DA:46,0
DA:48,0
DA:51,1
LF:29
LH:24
BRDA:2,0,0,7
BRDA:2,0,1,0
BRDA:3,1,0,7
BRDA:4,2,0,7
BRDA:4,2,1,0
BRDA:4,3,0,7
BRDA:4,3,1,1
BRDA:11,4,0,7
BRDA:11,4,1,0
BRDA:29,5,0,1
BRDA:29,5,1,6
BRDA:32,6,0,1
BRDA:32,6,1,6
BRF:13
BRH:10
end_of_record
